This is pdfTeX, Version 3.14159265-2.6-1.40.21 (MiKTeX 20.11) (preloaded format=pdflatex 2020.11.13)  22 OCT 2021 09:52
entering extended mode
**./mainIT.tex
(mainIT.tex
LaTeX2e <2020-10-01> patch level 2
L3 programming layer <2020-10-27> xparse <2020-03-03> (developercv.cls
Document Class: developercv 2019/01/28 Developer CV class v1.0
(C:\Users\T75\AppData\Local\Programs\MiKTeX\tex/latex/extsizes\extarticle.cls
Document Class: extarticle 1996/10/08 v1.0 Non Standard LaTeX document class
(C:\Users\T75\AppData\Local\Programs\MiKTeX\tex/latex/extsizes\size9.clo
File: size9.clo 1999/11/11 v1.4a NON-Standard LaTeX file (size option)
)
(C:\Users\T75\AppData\Local\Programs\MiKTeX\tex/latex/base\exscale.sty
Package: exscale 2018/09/24 v2.1i Standard LaTeX package exscale
LaTeX Font Info:    Redeclaring symbol font `largesymbols' on input line 57.
LaTeX Font Info:    Overwriting symbol font `largesymbols' in version `normal'
(Font)                  OMX/cmex/m/n --> OMX/cmex/m/n on input line 57.
LaTeX Font Info:    Overwriting symbol font `largesymbols' in version `bold'
(Font)                  OMX/cmex/m/n --> OMX/cmex/m/n on input line 57.
\big@size=\dimen138
)
\c@part=\count175
\c@section=\count176
\c@subsection=\count177
\c@subsubsection=\count178
\c@paragraph=\count179
\c@subparagraph=\count180
\c@figure=\count181
\c@table=\count182
\abovecaptionskip=\skip47
\belowcaptionskip=\skip48
\bibindent=\dimen139
)
(C:\Users\T75\AppData\Local\Programs\MiKTeX\tex/latex/hyperref\hyperref.sty
Package: hyperref 2020-05-15 v7.00e Hypertext links for LaTeX

(C:\Users\T75\AppData\Local\Programs\MiKTeX\tex/generic/ltxcmds\ltxcmds.sty
Package: ltxcmds 2020-05-10 v1.25 LaTeX kernel commands for general use (HO)
)
(C:\Users\T75\AppData\Local\Programs\MiKTeX\tex/generic/iftex\iftex.sty
Package: iftex 2020/03/06 v1.0d TeX engine tests
)
(C:\Users\T75\AppData\Local\Programs\MiKTeX\tex/generic/pdftexcmds\pdftexcmds.s
ty
Package: pdftexcmds 2020-06-27 v0.33 Utility functions of pdfTeX for LuaTeX (HO
)

(C:\Users\T75\AppData\Local\Programs\MiKTeX\tex/generic/infwarerr\infwarerr.sty
Package: infwarerr 2019/12/03 v1.5 Providing info/warning/error messages (HO)
)
Package pdftexcmds Info: \pdf@primitive is available.
Package pdftexcmds Info: \pdf@ifprimitive is available.
Package pdftexcmds Info: \pdfdraftmode found.
) (C:\Users\T75\AppData\Local\Programs\MiKTeX\tex/latex/graphics\keyval.sty
Package: keyval 2014/10/28 v1.15 key=value parser (DPC)
\KV@toks@=\toks15
)
(C:\Users\T75\AppData\Local\Programs\MiKTeX\tex/generic/kvsetkeys\kvsetkeys.sty
Package: kvsetkeys 2019/12/15 v1.18 Key value parser (HO)
)
(C:\Users\T75\AppData\Local\Programs\MiKTeX\tex/generic/kvdefinekeys\kvdefineke
ys.sty
Package: kvdefinekeys 2019-12-19 v1.6 Define keys (HO)
)
(C:\Users\T75\AppData\Local\Programs\MiKTeX\tex/generic/pdfescape\pdfescape.sty
Package: pdfescape 2019/12/09 v1.15 Implements pdfTeX's escape features (HO)
) (C:\Users\T75\AppData\Local\Programs\MiKTeX\tex/latex/hycolor\hycolor.sty
Package: hycolor 2020-01-27 v1.10 Color options for hyperref/bookmark (HO)
)
(C:\Users\T75\AppData\Local\Programs\MiKTeX\tex/latex/letltxmacro\letltxmacro.s
ty
Package: letltxmacro 2019/12/03 v1.6 Let assignment for LaTeX macros (HO)
) (C:\Users\T75\AppData\Local\Programs\MiKTeX\tex/latex/auxhook\auxhook.sty
Package: auxhook 2019-12-17 v1.6 Hooks for auxiliary files (HO)
)
(C:\Users\T75\AppData\Local\Programs\MiKTeX\tex/latex/kvoptions\kvoptions.sty
Package: kvoptions 2020-10-07 v3.14 Key value format for package options (HO)
)
\@linkdim=\dimen140
\Hy@linkcounter=\count183
\Hy@pagecounter=\count184

(C:\Users\T75\AppData\Local\Programs\MiKTeX\tex/latex/hyperref\pd1enc.def
File: pd1enc.def 2020-05-15 v7.00e Hyperref: PDFDocEncoding definition (HO)
Now handling font encoding PD1 ...
... no UTF-8 mapping file for font encoding PD1
)
(C:\Users\T75\AppData\Local\Programs\MiKTeX\tex/generic/intcalc\intcalc.sty
Package: intcalc 2019/12/15 v1.3 Expandable calculations with integers (HO)
)
(C:\Users\T75\AppData\Local\Programs\MiKTeX\tex/generic/etexcmds\etexcmds.sty
Package: etexcmds 2019/12/15 v1.7 Avoid name clashes with e-TeX commands (HO)
)
\Hy@SavedSpaceFactor=\count185
Package hyperref Info: Hyper figures OFF on input line 4464.
Package hyperref Info: Link nesting OFF on input line 4469.
Package hyperref Info: Hyper index ON on input line 4472.
Package hyperref Info: Plain pages OFF on input line 4479.
Package hyperref Info: Backreferencing OFF on input line 4484.
Package hyperref Info: Implicit mode ON; LaTeX internals redefined.
Package hyperref Info: Bookmarks ON on input line 4717.
\c@Hy@tempcnt=\count186

(C:\Users\T75\AppData\Local\Programs\MiKTeX\tex/latex/url\url.sty
\Urlmuskip=\muskip16
Package: url 2013/09/16  ver 3.4  Verb mode for urls, etc.
)
LaTeX Info: Redefining \url on input line 5076.
\XeTeXLinkMargin=\dimen141

(C:\Users\T75\AppData\Local\Programs\MiKTeX\tex/generic/bitset\bitset.sty
Package: bitset 2019/12/09 v1.3 Handle bit-vector datatype (HO)

(C:\Users\T75\AppData\Local\Programs\MiKTeX\tex/generic/bigintcalc\bigintcalc.s
ty
Package: bigintcalc 2019/12/15 v1.5 Expandable calculations on big integers (HO
)
))
\Fld@menulength=\count187
\Field@Width=\dimen142
\Fld@charsize=\dimen143
Package hyperref Info: Hyper figures OFF on input line 6347.
Package hyperref Info: Link nesting OFF on input line 6352.
Package hyperref Info: Hyper index ON on input line 6355.
Package hyperref Info: backreferencing OFF on input line 6362.
Package hyperref Info: Link coloring OFF on input line 6367.
Package hyperref Info: Link coloring with OCG OFF on input line 6372.
Package hyperref Info: PDF/A mode OFF on input line 6377.
LaTeX Info: Redefining \ref on input line 6417.
LaTeX Info: Redefining \pageref on input line 6421.

(C:\Users\T75\AppData\Local\Programs\MiKTeX\tex/latex/base\atbegshi-ltx.sty
Package: atbegshi-ltx 2020/08/17 v1.0a Emulation of the original atbegshi packa
ge
with kernel methods
)
\Hy@abspage=\count188
\c@Item=\count189
\c@Hfootnote=\count190
)
Package hyperref Info: Driver (autodetected): hpdftex.

(C:\Users\T75\AppData\Local\Programs\MiKTeX\tex/latex/hyperref\hpdftex.def
File: hpdftex.def 2020-05-15 v7.00e Hyperref driver for pdfTeX

(C:\Users\T75\AppData\Local\Programs\MiKTeX\tex/latex/base\atveryend-ltx.sty
Package: atveryend-ltx 2020/08/19 v1.0a Emulation of the original atvery packag
e
with kernel methods
)
\Fld@listcount=\count191
\c@bookmark@seq@number=\count192

(C:\Users\T75\AppData\Local\Programs\MiKTeX\tex/latex/rerunfilecheck\rerunfilec
heck.sty
Package: rerunfilecheck 2019/12/05 v1.9 Rerun checks for auxiliary files (HO)

(C:\Users\T75\AppData\Local\Programs\MiKTeX\tex/generic/uniquecounter\uniquecou
nter.sty
Package: uniquecounter 2019/12/15 v1.4 Provide unlimited unique counter (HO)
)
Package uniquecounter Info: New unique counter `rerunfilecheck' on input line 2
86.
)
\Hy@SectionHShift=\skip49
)
(C:\Users\T75\AppData\Local\Programs\MiKTeX\tex/latex/moresize\moresize.sty
Package: moresize 1999/07/26 v1.9 (more font sizes)
)
(C:\Users\T75\AppData\Local\Programs\MiKTeX\tex/latex/geometry\geometry.sty
Package: geometry 2020/01/02 v5.9 Page Geometry

(C:\Users\T75\AppData\Local\Programs\MiKTeX\tex/generic/iftex\ifvtex.sty
Package: ifvtex 2019/10/25 v1.7 ifvtex legacy package. Use iftex instead.
)
\Gm@cnth=\count193
\Gm@cntv=\count194
\c@Gm@tempcnt=\count195
\Gm@bindingoffset=\dimen144
\Gm@wd@mp=\dimen145
\Gm@odd@mp=\dimen146
\Gm@even@mp=\dimen147
\Gm@layoutwidth=\dimen148
\Gm@layoutheight=\dimen149
\Gm@layouthoffset=\dimen150
\Gm@layoutvoffset=\dimen151
\Gm@dimlist=\toks16

(C:\Users\T75\AppData\Local\Programs\MiKTeX\tex/latex/geometry\geometry.cfg))
(C:\Users\T75\AppData\Local\Programs\MiKTeX\tex/latex/base\inputenc.sty
Package: inputenc 2020/08/01 v1.3d Input encoding file
\inpenc@prehook=\toks17
\inpenc@posthook=\toks18
)
(C:\Users\T75\AppData\Local\Programs\MiKTeX\tex/latex/base\fontenc.sty
Package: fontenc 2020/08/10 v2.0s Standard LaTeX package
)
(C:\Users\T75\AppData\Local\Programs\MiKTeX\tex/latex/raleway\raleway.sty
Package: raleway 2016/12/03 v1.4 Matt McInerney’s Raleway family

(C:\Users\T75\AppData\Local\Programs\MiKTeX\tex/generic/iftex\ifxetex.sty
Package: ifxetex 2019/10/25 v0.7 ifxetex legacy package. Use iftex instead.
)
(C:\Users\T75\AppData\Local\Programs\MiKTeX\tex/generic/iftex\ifluatex.sty
Package: ifluatex 2019/10/25 v1.5 ifluatex legacy package. Use iftex instead.
)
(C:\Users\T75\AppData\Local\Programs\MiKTeX\tex/latex/xkeyval\xkeyval.sty
Package: xkeyval 2014/12/03 v2.7a package option processing (HA)

(C:\Users\T75\AppData\Local\Programs\MiKTeX\tex/generic/xkeyval\xkeyval.tex
(C:\Users\T75\AppData\Local\Programs\MiKTeX\tex/generic/xkeyval\xkvutils.tex
\XKV@toks=\toks19
\XKV@tempa@toks=\toks20
)
\XKV@depth=\count196
File: xkeyval.tex 2014/12/03 v2.7a key=value parser (HA)
)) (C:\Users\T75\AppData\Local\Programs\MiKTeX\tex/latex/base\fontenc.sty
Package: fontenc 2020/08/10 v2.0s Standard LaTeX package

(C:\Users\T75\AppData\Local\Programs\MiKTeX\tex/latex/ly1\ly1enc.def
File: ly1enc.def 2009/07/22 v0.7 TeX 'n ANSI encoding (DPC/KB)
Now handling font encoding LY1 ...
... processing UTF-8 mapping file for font encoding LY1

(C:\Users\T75\AppData\Local\Programs\MiKTeX\tex/latex/base\ly1enc.dfu
File: ly1enc.dfu 2019/11/14 v1.2k UTF-8 support for inputenc
   defining Unicode char U+00A0 (decimal 160)
   defining Unicode char U+00A1 (decimal 161)
   defining Unicode char U+00A2 (decimal 162)
   defining Unicode char U+00A3 (decimal 163)
   defining Unicode char U+00A4 (decimal 164)
   defining Unicode char U+00A5 (decimal 165)
   defining Unicode char U+00A6 (decimal 166)
   defining Unicode char U+00A7 (decimal 167)
   defining Unicode char U+00AA (decimal 170)
   defining Unicode char U+00AB (decimal 171)
   defining Unicode char U+00AD (decimal 173)
   defining Unicode char U+00AE (decimal 174)
   defining Unicode char U+00B0 (decimal 176)
   defining Unicode char U+00B5 (decimal 181)
   defining Unicode char U+00B6 (decimal 182)
   defining Unicode char U+00B7 (decimal 183)
   defining Unicode char U+00BA (decimal 186)
   defining Unicode char U+00BB (decimal 187)
   defining Unicode char U+00BC (decimal 188)
   defining Unicode char U+00BD (decimal 189)
   defining Unicode char U+00BE (decimal 190)
   defining Unicode char U+00BF (decimal 191)
   defining Unicode char U+00C0 (decimal 192)
   defining Unicode char U+00C1 (decimal 193)
   defining Unicode char U+00C2 (decimal 194)
   defining Unicode char U+00C3 (decimal 195)
   defining Unicode char U+00C4 (decimal 196)
   defining Unicode char U+00C5 (decimal 197)
   defining Unicode char U+00C6 (decimal 198)
   defining Unicode char U+00C7 (decimal 199)
   defining Unicode char U+00C8 (decimal 200)
   defining Unicode char U+00C9 (decimal 201)
   defining Unicode char U+00CA (decimal 202)
   defining Unicode char U+00CB (decimal 203)
   defining Unicode char U+00CC (decimal 204)
   defining Unicode char U+00CD (decimal 205)
   defining Unicode char U+00CE (decimal 206)
   defining Unicode char U+00CF (decimal 207)
   defining Unicode char U+00D0 (decimal 208)
   defining Unicode char U+00D1 (decimal 209)
   defining Unicode char U+00D2 (decimal 210)
   defining Unicode char U+00D3 (decimal 211)
   defining Unicode char U+00D4 (decimal 212)
   defining Unicode char U+00D5 (decimal 213)
   defining Unicode char U+00D6 (decimal 214)
   defining Unicode char U+00D8 (decimal 216)
   defining Unicode char U+00D9 (decimal 217)
   defining Unicode char U+00DA (decimal 218)
   defining Unicode char U+00DB (decimal 219)
   defining Unicode char U+00DC (decimal 220)
   defining Unicode char U+00DD (decimal 221)
   defining Unicode char U+00DE (decimal 222)
   defining Unicode char U+00DF (decimal 223)
   defining Unicode char U+00E0 (decimal 224)
   defining Unicode char U+00E1 (decimal 225)
   defining Unicode char U+00E2 (decimal 226)
   defining Unicode char U+00E3 (decimal 227)
   defining Unicode char U+00E4 (decimal 228)
   defining Unicode char U+00E5 (decimal 229)
   defining Unicode char U+00E6 (decimal 230)
   defining Unicode char U+00E7 (decimal 231)
   defining Unicode char U+00E8 (decimal 232)
   defining Unicode char U+00E9 (decimal 233)
   defining Unicode char U+00EA (decimal 234)
   defining Unicode char U+00EB (decimal 235)
   defining Unicode char U+00EC (decimal 236)
   defining Unicode char U+00ED (decimal 237)
   defining Unicode char U+00EE (decimal 238)
   defining Unicode char U+00EF (decimal 239)
   defining Unicode char U+00F0 (decimal 240)
   defining Unicode char U+00F1 (decimal 241)
   defining Unicode char U+00F2 (decimal 242)
   defining Unicode char U+00F3 (decimal 243)
   defining Unicode char U+00F4 (decimal 244)
   defining Unicode char U+00F5 (decimal 245)
   defining Unicode char U+00F6 (decimal 246)
   defining Unicode char U+00F8 (decimal 248)
   defining Unicode char U+00F9 (decimal 249)
   defining Unicode char U+00FA (decimal 250)
   defining Unicode char U+00FB (decimal 251)
   defining Unicode char U+00FC (decimal 252)
   defining Unicode char U+00FD (decimal 253)
   defining Unicode char U+00FE (decimal 254)
   defining Unicode char U+00FF (decimal 255)
   defining Unicode char U+0131 (decimal 305)
   defining Unicode char U+0141 (decimal 321)
   defining Unicode char U+0142 (decimal 322)
   defining Unicode char U+0152 (decimal 338)
   defining Unicode char U+0153 (decimal 339)
   defining Unicode char U+0160 (decimal 352)
   defining Unicode char U+0161 (decimal 353)
   defining Unicode char U+0174 (decimal 372)
   defining Unicode char U+0175 (decimal 373)
   defining Unicode char U+0176 (decimal 374)
   defining Unicode char U+0177 (decimal 375)
   defining Unicode char U+0178 (decimal 376)
   defining Unicode char U+017D (decimal 381)
   defining Unicode char U+017E (decimal 382)
   defining Unicode char U+0192 (decimal 402)
   defining Unicode char U+0218 (decimal 536)
   defining Unicode char U+0219 (decimal 537)
   defining Unicode char U+021A (decimal 538)
   defining Unicode char U+021B (decimal 539)
   defining Unicode char U+0237 (decimal 567)
   defining Unicode char U+02C6 (decimal 710)
   defining Unicode char U+02DC (decimal 732)
   defining Unicode char U+2013 (decimal 8211)
   defining Unicode char U+2014 (decimal 8212)
   defining Unicode char U+201C (decimal 8220)
   defining Unicode char U+201D (decimal 8221)
   defining Unicode char U+2020 (decimal 8224)
   defining Unicode char U+2021 (decimal 8225)
   defining Unicode char U+2022 (decimal 8226)
   defining Unicode char U+2026 (decimal 8230)
   defining Unicode char U+2030 (decimal 8240)
   defining Unicode char U+2039 (decimal 8249)
   defining Unicode char U+203A (decimal 8250)
   defining Unicode char U+2122 (decimal 8482)
   defining Unicode char U+FB00 (decimal 64256)
   defining Unicode char U+FB01 (decimal 64257)
   defining Unicode char U+FB02 (decimal 64258)
   defining Unicode char U+FB03 (decimal 64259)
   defining Unicode char U+FB04 (decimal 64260)
   defining Unicode char U+FB05 (decimal 64261)
   defining Unicode char U+FB06 (decimal 64262)
))))
(C:\Users\T75\AppData\Local\Programs\MiKTeX\tex/latex/fontawesome\fontawesome.s
ty
Package: fontawesome 2016/05/15 v4.6.3.1 font awesome icons

(C:\Users\T75\AppData\Local\Programs\MiKTeX\tex/latex/fontawesome\fontawesomesy
mbols-generic.tex)
(C:\Users\T75\AppData\Local\Programs\MiKTeX\tex/latex/fontawesome\fontawesomesy
mbols-pdftex.tex))
(C:\Users\T75\AppData\Local\Programs\MiKTeX\tex/latex/pgf/frontendlayer\tikz.st
y (C:\Users\T75\AppData\Local\Programs\MiKTeX\tex/latex/pgf/basiclayer\pgf.sty
(C:\Users\T75\AppData\Local\Programs\MiKTeX\tex/latex/pgf/utilities\pgfrcs.sty
(C:\Users\T75\AppData\Local\Programs\MiKTeX\tex/generic/pgf/utilities\pgfutil-c
ommon.tex
\pgfutil@everybye=\toks21
\pgfutil@tempdima=\dimen152
\pgfutil@tempdimb=\dimen153

(C:\Users\T75\AppData\Local\Programs\MiKTeX\tex/generic/pgf/utilities\pgfutil-c
ommon-lists.tex))
(C:\Users\T75\AppData\Local\Programs\MiKTeX\tex/generic/pgf/utilities\pgfutil-l
atex.def
\pgfutil@abb=\box47
)
(C:\Users\T75\AppData\Local\Programs\MiKTeX\tex/generic/pgf/utilities\pgfrcs.co
de.tex
(C:\Users\T75\AppData\Local\Programs\MiKTeX\tex/generic/pgf\pgf.revision.tex)
Package: pgfrcs 2020/10/01 v3.1.6a (3.1.6a)
))
Package: pgf 2020/10/01 v3.1.6a (3.1.6a)

(C:\Users\T75\AppData\Local\Programs\MiKTeX\tex/latex/pgf/basiclayer\pgfcore.st
y (C:\Users\T75\AppData\Local\Programs\MiKTeX\tex/latex/graphics\graphicx.sty
Package: graphicx 2020/09/09 v1.2b Enhanced LaTeX Graphics (DPC,SPQR)

(C:\Users\T75\AppData\Local\Programs\MiKTeX\tex/latex/graphics\graphics.sty
Package: graphics 2020/08/30 v1.4c Standard LaTeX Graphics (DPC,SPQR)

(C:\Users\T75\AppData\Local\Programs\MiKTeX\tex/latex/graphics\trig.sty
Package: trig 2016/01/03 v1.10 sin cos tan (DPC)
)
(C:\Users\T75\AppData\Local\Programs\MiKTeX\tex/latex/graphics-cfg\graphics.cfg
File: graphics.cfg 2016/06/04 v1.11 sample graphics configuration
)
Package graphics Info: Driver file: pdftex.def on input line 105.
 (C:\Users\T75\AppData\Local\Programs\MiKTeX\tex/latex/graphics-def\pdftex.def
File: pdftex.def 2020/10/05 v1.2a Graphics/color driver for pdftex
))
\Gin@req@height=\dimen154
\Gin@req@width=\dimen155
)
(C:\Users\T75\AppData\Local\Programs\MiKTeX\tex/latex/pgf/systemlayer\pgfsys.st
y
(C:\Users\T75\AppData\Local\Programs\MiKTeX\tex/generic/pgf/systemlayer\pgfsys.
code.tex
Package: pgfsys 2020/10/01 v3.1.6a (3.1.6a)

(C:\Users\T75\AppData\Local\Programs\MiKTeX\tex/generic/pgf/utilities\pgfkeys.c
ode.tex
\pgfkeys@pathtoks=\toks22
\pgfkeys@temptoks=\toks23

(C:\Users\T75\AppData\Local\Programs\MiKTeX\tex/generic/pgf/utilities\pgfkeysfi
ltered.code.tex
\pgfkeys@tmptoks=\toks24
))
\pgf@x=\dimen156
\pgf@y=\dimen157
\pgf@xa=\dimen158
\pgf@ya=\dimen159
\pgf@xb=\dimen160
\pgf@yb=\dimen161
\pgf@xc=\dimen162
\pgf@yc=\dimen163
\pgf@xd=\dimen164
\pgf@yd=\dimen165
\w@pgf@writea=\write3
\r@pgf@reada=\read2
\c@pgf@counta=\count197
\c@pgf@countb=\count198
\c@pgf@countc=\count199
\c@pgf@countd=\count266
\t@pgf@toka=\toks25
\t@pgf@tokb=\toks26
\t@pgf@tokc=\toks27
\pgf@sys@id@count=\count267

(C:\Users\T75\AppData\Local\Programs\MiKTeX\tex/generic/pgf/systemlayer\pgf.cfg
File: pgf.cfg 2020/10/01 v3.1.6a (3.1.6a)
)
Driver file for pgf: pgfsys-pdftex.def

(C:\Users\T75\AppData\Local\Programs\MiKTeX\tex/generic/pgf/systemlayer\pgfsys-
pdftex.def
File: pgfsys-pdftex.def 2020/10/01 v3.1.6a (3.1.6a)

(C:\Users\T75\AppData\Local\Programs\MiKTeX\tex/generic/pgf/systemlayer\pgfsys-
common-pdf.def
File: pgfsys-common-pdf.def 2020/10/01 v3.1.6a (3.1.6a)
)))
(C:\Users\T75\AppData\Local\Programs\MiKTeX\tex/generic/pgf/systemlayer\pgfsyss
oftpath.code.tex
File: pgfsyssoftpath.code.tex 2020/10/01 v3.1.6a (3.1.6a)
\pgfsyssoftpath@smallbuffer@items=\count268
\pgfsyssoftpath@bigbuffer@items=\count269
)
(C:\Users\T75\AppData\Local\Programs\MiKTeX\tex/generic/pgf/systemlayer\pgfsysp
rotocol.code.tex
File: pgfsysprotocol.code.tex 2020/10/01 v3.1.6a (3.1.6a)
))
(C:\Users\T75\AppData\Local\Programs\MiKTeX\tex/latex/xcolor\xcolor.sty
Package: xcolor 2016/05/11 v2.12 LaTeX color extensions (UK)

(C:\Users\T75\AppData\Local\Programs\MiKTeX\tex/latex/graphics-cfg\color.cfg
File: color.cfg 2016/01/02 v1.6 sample color configuration
)
Package xcolor Info: Driver file: pdftex.def on input line 225.
Package xcolor Info: Model `cmy' substituted by `cmy0' on input line 1348.
Package xcolor Info: Model `hsb' substituted by `rgb' on input line 1352.
Package xcolor Info: Model `RGB' extended on input line 1364.
Package xcolor Info: Model `HTML' substituted by `rgb' on input line 1366.
Package xcolor Info: Model `Hsb' substituted by `hsb' on input line 1367.
Package xcolor Info: Model `tHsb' substituted by `hsb' on input line 1368.
Package xcolor Info: Model `HSB' substituted by `hsb' on input line 1369.
Package xcolor Info: Model `Gray' substituted by `gray' on input line 1370.
Package xcolor Info: Model `wave' substituted by `hsb' on input line 1371.
)
(C:\Users\T75\AppData\Local\Programs\MiKTeX\tex/generic/pgf/basiclayer\pgfcore.
code.tex
Package: pgfcore 2020/10/01 v3.1.6a (3.1.6a)

(C:\Users\T75\AppData\Local\Programs\MiKTeX\tex/generic/pgf/math\pgfmath.code.t
ex
(C:\Users\T75\AppData\Local\Programs\MiKTeX\tex/generic/pgf/math\pgfmathcalc.co
de.tex
(C:\Users\T75\AppData\Local\Programs\MiKTeX\tex/generic/pgf/math\pgfmathutil.co
de.tex)
(C:\Users\T75\AppData\Local\Programs\MiKTeX\tex/generic/pgf/math\pgfmathparser.
code.tex
\pgfmath@dimen=\dimen166
\pgfmath@count=\count270
\pgfmath@box=\box48
\pgfmath@toks=\toks28
\pgfmath@stack@operand=\toks29
\pgfmath@stack@operation=\toks30
)
(C:\Users\T75\AppData\Local\Programs\MiKTeX\tex/generic/pgf/math\pgfmathfunctio
ns.code.tex
(C:\Users\T75\AppData\Local\Programs\MiKTeX\tex/generic/pgf/math\pgfmathfunctio
ns.basic.code.tex)
(C:\Users\T75\AppData\Local\Programs\MiKTeX\tex/generic/pgf/math\pgfmathfunctio
ns.trigonometric.code.tex)
(C:\Users\T75\AppData\Local\Programs\MiKTeX\tex/generic/pgf/math\pgfmathfunctio
ns.random.code.tex)
(C:\Users\T75\AppData\Local\Programs\MiKTeX\tex/generic/pgf/math\pgfmathfunctio
ns.comparison.code.tex)
(C:\Users\T75\AppData\Local\Programs\MiKTeX\tex/generic/pgf/math\pgfmathfunctio
ns.base.code.tex)
(C:\Users\T75\AppData\Local\Programs\MiKTeX\tex/generic/pgf/math\pgfmathfunctio
ns.round.code.tex)
(C:\Users\T75\AppData\Local\Programs\MiKTeX\tex/generic/pgf/math\pgfmathfunctio
ns.misc.code.tex)
(C:\Users\T75\AppData\Local\Programs\MiKTeX\tex/generic/pgf/math\pgfmathfunctio
ns.integerarithmetics.code.tex)))
(C:\Users\T75\AppData\Local\Programs\MiKTeX\tex/generic/pgf/math\pgfmathfloat.c
ode.tex
\c@pgfmathroundto@lastzeros=\count271
))
(C:\Users\T75\AppData\Local\Programs\MiKTeX\tex/generic/pgf/math\pgfint.code.te
x)
(C:\Users\T75\AppData\Local\Programs\MiKTeX\tex/generic/pgf/basiclayer\pgfcorep
oints.code.tex
File: pgfcorepoints.code.tex 2020/10/01 v3.1.6a (3.1.6a)
\pgf@picminx=\dimen167
\pgf@picmaxx=\dimen168
\pgf@picminy=\dimen169
\pgf@picmaxy=\dimen170
\pgf@pathminx=\dimen171
\pgf@pathmaxx=\dimen172
\pgf@pathminy=\dimen173
\pgf@pathmaxy=\dimen174
\pgf@xx=\dimen175
\pgf@xy=\dimen176
\pgf@yx=\dimen177
\pgf@yy=\dimen178
\pgf@zx=\dimen179
\pgf@zy=\dimen180
)
(C:\Users\T75\AppData\Local\Programs\MiKTeX\tex/generic/pgf/basiclayer\pgfcorep
athconstruct.code.tex
File: pgfcorepathconstruct.code.tex 2020/10/01 v3.1.6a (3.1.6a)
\pgf@path@lastx=\dimen181
\pgf@path@lasty=\dimen182
)
(C:\Users\T75\AppData\Local\Programs\MiKTeX\tex/generic/pgf/basiclayer\pgfcorep
athusage.code.tex
File: pgfcorepathusage.code.tex 2020/10/01 v3.1.6a (3.1.6a)
\pgf@shorten@end@additional=\dimen183
\pgf@shorten@start@additional=\dimen184
)
(C:\Users\T75\AppData\Local\Programs\MiKTeX\tex/generic/pgf/basiclayer\pgfcores
copes.code.tex
File: pgfcorescopes.code.tex 2020/10/01 v3.1.6a (3.1.6a)
\pgfpic=\box49
\pgf@hbox=\box50
\pgf@layerbox@main=\box51
\pgf@picture@serial@count=\count272
)
(C:\Users\T75\AppData\Local\Programs\MiKTeX\tex/generic/pgf/basiclayer\pgfcoreg
raphicstate.code.tex
File: pgfcoregraphicstate.code.tex 2020/10/01 v3.1.6a (3.1.6a)
\pgflinewidth=\dimen185
)
(C:\Users\T75\AppData\Local\Programs\MiKTeX\tex/generic/pgf/basiclayer\pgfcoret
ransformations.code.tex
File: pgfcoretransformations.code.tex 2020/10/01 v3.1.6a (3.1.6a)
\pgf@pt@x=\dimen186
\pgf@pt@y=\dimen187
\pgf@pt@temp=\dimen188
)
(C:\Users\T75\AppData\Local\Programs\MiKTeX\tex/generic/pgf/basiclayer\pgfcoreq
uick.code.tex
File: pgfcorequick.code.tex 2020/10/01 v3.1.6a (3.1.6a)
)
(C:\Users\T75\AppData\Local\Programs\MiKTeX\tex/generic/pgf/basiclayer\pgfcoreo
bjects.code.tex
File: pgfcoreobjects.code.tex 2020/10/01 v3.1.6a (3.1.6a)
)
(C:\Users\T75\AppData\Local\Programs\MiKTeX\tex/generic/pgf/basiclayer\pgfcorep
athprocessing.code.tex
File: pgfcorepathprocessing.code.tex 2020/10/01 v3.1.6a (3.1.6a)
)
(C:\Users\T75\AppData\Local\Programs\MiKTeX\tex/generic/pgf/basiclayer\pgfcorea
rrows.code.tex
File: pgfcorearrows.code.tex 2020/10/01 v3.1.6a (3.1.6a)
\pgfarrowsep=\dimen189
)
(C:\Users\T75\AppData\Local\Programs\MiKTeX\tex/generic/pgf/basiclayer\pgfcores
hade.code.tex
File: pgfcoreshade.code.tex 2020/10/01 v3.1.6a (3.1.6a)
\pgf@max=\dimen190
\pgf@sys@shading@range@num=\count273
\pgf@shadingcount=\count274
)
(C:\Users\T75\AppData\Local\Programs\MiKTeX\tex/generic/pgf/basiclayer\pgfcorei
mage.code.tex
File: pgfcoreimage.code.tex 2020/10/01 v3.1.6a (3.1.6a)

(C:\Users\T75\AppData\Local\Programs\MiKTeX\tex/generic/pgf/basiclayer\pgfcoree
xternal.code.tex
File: pgfcoreexternal.code.tex 2020/10/01 v3.1.6a (3.1.6a)
\pgfexternal@startupbox=\box52
))
(C:\Users\T75\AppData\Local\Programs\MiKTeX\tex/generic/pgf/basiclayer\pgfcorel
ayers.code.tex
File: pgfcorelayers.code.tex 2020/10/01 v3.1.6a (3.1.6a)
)
(C:\Users\T75\AppData\Local\Programs\MiKTeX\tex/generic/pgf/basiclayer\pgfcoret
ransparency.code.tex
File: pgfcoretransparency.code.tex 2020/10/01 v3.1.6a (3.1.6a)
)
(C:\Users\T75\AppData\Local\Programs\MiKTeX\tex/generic/pgf/basiclayer\pgfcorep
atterns.code.tex
File: pgfcorepatterns.code.tex 2020/10/01 v3.1.6a (3.1.6a)
)
(C:\Users\T75\AppData\Local\Programs\MiKTeX\tex/generic/pgf/basiclayer\pgfcorer
df.code.tex
File: pgfcorerdf.code.tex 2020/10/01 v3.1.6a (3.1.6a)
)))
(C:\Users\T75\AppData\Local\Programs\MiKTeX\tex/generic/pgf/modules\pgfmodulesh
apes.code.tex
File: pgfmoduleshapes.code.tex 2020/10/01 v3.1.6a (3.1.6a)
\pgfnodeparttextbox=\box53
)
(C:\Users\T75\AppData\Local\Programs\MiKTeX\tex/generic/pgf/modules\pgfmodulepl
ot.code.tex
File: pgfmoduleplot.code.tex 2020/10/01 v3.1.6a (3.1.6a)
)
(C:\Users\T75\AppData\Local\Programs\MiKTeX\tex/latex/pgf/compatibility\pgfcomp
-version-0-65.sty
Package: pgfcomp-version-0-65 2020/10/01 v3.1.6a (3.1.6a)
\pgf@nodesepstart=\dimen191
\pgf@nodesepend=\dimen192
)
(C:\Users\T75\AppData\Local\Programs\MiKTeX\tex/latex/pgf/compatibility\pgfcomp
-version-1-18.sty
Package: pgfcomp-version-1-18 2020/10/01 v3.1.6a (3.1.6a)
))
(C:\Users\T75\AppData\Local\Programs\MiKTeX\tex/latex/pgf/utilities\pgffor.sty
(C:\Users\T75\AppData\Local\Programs\MiKTeX\tex/latex/pgf/utilities\pgfkeys.sty

(C:\Users\T75\AppData\Local\Programs\MiKTeX\tex/generic/pgf/utilities\pgfkeys.c
ode.tex))
(C:\Users\T75\AppData\Local\Programs\MiKTeX\tex/latex/pgf/math\pgfmath.sty
(C:\Users\T75\AppData\Local\Programs\MiKTeX\tex/generic/pgf/math\pgfmath.code.t
ex))
(C:\Users\T75\AppData\Local\Programs\MiKTeX\tex/generic/pgf/utilities\pgffor.co
de.tex
Package: pgffor 2020/10/01 v3.1.6a (3.1.6a)

(C:\Users\T75\AppData\Local\Programs\MiKTeX\tex/generic/pgf/math\pgfmath.code.t
ex)
\pgffor@iter=\dimen193
\pgffor@skip=\dimen194
\pgffor@stack=\toks31
\pgffor@toks=\toks32
))
(C:\Users\T75\AppData\Local\Programs\MiKTeX\tex/generic/pgf/frontendlayer/tikz\
tikz.code.tex
Package: tikz 2020/10/01 v3.1.6a (3.1.6a)

(C:\Users\T75\AppData\Local\Programs\MiKTeX\tex/generic/pgf/libraries\pgflibrar
yplothandlers.code.tex
File: pgflibraryplothandlers.code.tex 2020/10/01 v3.1.6a (3.1.6a)
\pgf@plot@mark@count=\count275
\pgfplotmarksize=\dimen195
)
\tikz@lastx=\dimen196
\tikz@lasty=\dimen197
\tikz@lastxsaved=\dimen198
\tikz@lastysaved=\dimen199
\tikz@lastmovetox=\dimen256
\tikz@lastmovetoy=\dimen257
\tikzleveldistance=\dimen258
\tikzsiblingdistance=\dimen259
\tikz@figbox=\box54
\tikz@figbox@bg=\box55
\tikz@tempbox=\box56
\tikz@tempbox@bg=\box57
\tikztreelevel=\count276
\tikznumberofchildren=\count277
\tikznumberofcurrentchild=\count278
\tikz@fig@count=\count279

(C:\Users\T75\AppData\Local\Programs\MiKTeX\tex/generic/pgf/modules\pgfmodulema
trix.code.tex
File: pgfmodulematrix.code.tex 2020/10/01 v3.1.6a (3.1.6a)
\pgfmatrixcurrentrow=\count280
\pgfmatrixcurrentcolumn=\count281
\pgf@matrix@numberofcolumns=\count282
)
\tikz@expandcount=\count283

(C:\Users\T75\AppData\Local\Programs\MiKTeX\tex/generic/pgf/frontendlayer/tikz/
libraries\tikzlibrarytopaths.code.tex
File: tikzlibrarytopaths.code.tex 2020/10/01 v3.1.6a (3.1.6a)
)))
(C:\Users\T75\AppData\Local\Programs\MiKTeX\tex/generic/pgf/frontendlayer/tikz/
libraries\tikzlibraryshapes.code.tex
File: tikzlibraryshapes.code.tex 2020/10/01 v3.1.6a (3.1.6a)

(C:\Users\T75\AppData\Local\Programs\MiKTeX\tex/generic/pgf/frontendlayer/tikz/
libraries\tikzlibraryshapes.geometric.code.tex
File: tikzlibraryshapes.geometric.code.tex 2020/10/01 v3.1.6a (3.1.6a)

(C:\Users\T75\AppData\Local\Programs\MiKTeX\tex/generic/pgf/libraries/shapes\pg
flibraryshapes.geometric.code.tex
File: pgflibraryshapes.geometric.code.tex 2020/10/01 v3.1.6a (3.1.6a)
))
(C:\Users\T75\AppData\Local\Programs\MiKTeX\tex/generic/pgf/frontendlayer/tikz/
libraries\tikzlibraryshapes.misc.code.tex
File: tikzlibraryshapes.misc.code.tex 2020/10/01 v3.1.6a (3.1.6a)

(C:\Users\T75\AppData\Local\Programs\MiKTeX\tex/generic/pgf/libraries/shapes\pg
flibraryshapes.misc.code.tex
File: pgflibraryshapes.misc.code.tex 2020/10/01 v3.1.6a (3.1.6a)
))
(C:\Users\T75\AppData\Local\Programs\MiKTeX\tex/generic/pgf/frontendlayer/tikz/
libraries\tikzlibraryshapes.symbols.code.tex
File: tikzlibraryshapes.symbols.code.tex 2020/10/01 v3.1.6a (3.1.6a)

(C:\Users\T75\AppData\Local\Programs\MiKTeX\tex/generic/pgf/libraries/shapes\pg
flibraryshapes.symbols.code.tex
File: pgflibraryshapes.symbols.code.tex 2020/10/01 v3.1.6a (3.1.6a)
))
(C:\Users\T75\AppData\Local\Programs\MiKTeX\tex/generic/pgf/frontendlayer/tikz/
libraries\tikzlibraryshapes.arrows.code.tex
File: tikzlibraryshapes.arrows.code.tex 2020/10/01 v3.1.6a (3.1.6a)

(C:\Users\T75\AppData\Local\Programs\MiKTeX\tex/generic/pgf/libraries/shapes\pg
flibraryshapes.arrows.code.tex
File: pgflibraryshapes.arrows.code.tex 2020/10/01 v3.1.6a (3.1.6a)
))
(C:\Users\T75\AppData\Local\Programs\MiKTeX\tex/generic/pgf/frontendlayer/tikz/
libraries\tikzlibraryshapes.callouts.code.tex
(C:\Users\T75\AppData\Local\Programs\MiKTeX\tex/generic/pgf/libraries/shapes\pg
flibraryshapes.callouts.code.tex))
(C:\Users\T75\AppData\Local\Programs\MiKTeX\tex/generic/pgf/frontendlayer/tikz/
libraries\tikzlibraryshapes.multipart.code.tex
File: tikzlibraryshapes.multipart.code.tex 2020/10/01 v3.1.6a (3.1.6a)

(C:\Users\T75\AppData\Local\Programs\MiKTeX\tex/generic/pgf/libraries/shapes\pg
flibraryshapes.multipart.code.tex
File: pgflibraryshapes.multipart.code.tex 2020/10/01 v3.1.6a (3.1.6a)
\pgfnodepartlowerbox=\box58
\pgfnodeparttwobox=\box59
\pgfnodepartthreebox=\box60
\pgfnodepartfourbox=\box61
\pgfnodeparttwentybox=\box62
\pgfnodepartnineteenbox=\box63
\pgfnodeparteighteenbox=\box64
\pgfnodepartseventeenbox=\box65
\pgfnodepartsixteenbox=\box66
\pgfnodepartfifteenbox=\box67
\pgfnodepartfourteenbox=\box68
\pgfnodepartthirteenbox=\box69
\pgfnodeparttwelvebox=\box70
\pgfnodepartelevenbox=\box71
\pgfnodeparttenbox=\box72
\pgfnodepartninebox=\box73
\pgfnodeparteightbox=\box74
\pgfnodepartsevenbox=\box75
\pgfnodepartsixbox=\box76
\pgfnodepartfivebox=\box77
)))
(C:\Users\T75\AppData\Local\Programs\MiKTeX\tex/generic/pgf/frontendlayer/tikz/
libraries\tikzlibrarybackgrounds.code.tex
File: tikzlibrarybackgrounds.code.tex 2020/10/01 v3.1.6a (3.1.6a)
\pgf@layerbox@background=\box78
\pgf@layerboxsaved@background=\box79
)
\c@barcount=\count284
\c@a=\count285
\c@b=\count286
\c@c=\count287

(C:\Users\T75\AppData\Local\Programs\MiKTeX\tex/latex/tools\longtable.sty
Package: longtable 2020/01/07 v4.13 Multi-page Table package (DPC)
\LTleft=\skip50
\LTright=\skip51
\LTpre=\skip52
\LTpost=\skip53
\LTchunksize=\count288
\LTcapwidth=\dimen260
\LT@head=\box80
\LT@firsthead=\box81
\LT@foot=\box82
\LT@lastfoot=\box83
\LT@cols=\count289
\LT@rows=\count290
\c@LT@tables=\count291
\c@LT@chunks=\count292
\LT@p@ftn=\toks33
))
(C:\Users\T75\AppData\Local\Programs\MiKTeX\tex/generic/babel\babel.sty
Package: babel 2020/10/27 3.51 The Babel package

(C:\Users\T75\AppData\Local\Programs\MiKTeX\tex/generic/babel\babel.def
File: babel.def 2020/10/27 3.51 Babel common definitions
\babel@savecnt=\count293
\U@D=\dimen261
\l@babelnohyphens=\language79

(C:\Users\T75\AppData\Local\Programs\MiKTeX\tex/generic/babel\txtbabel.def)
\bbl@readstream=\read3
)
\bbl@dirlevel=\count294

*************************************
* Local config file bblopts.cfg used
*
(C:\Users\T75\AppData\Local\Programs\MiKTeX\tex/latex/arabi\bblopts.cfg
File: bblopts.cfg 2005/09/08 v0.1 add Arabic and Farsi to "declared" options of
 babel
)
(C:\Users\T75\AppData\Local\Programs\MiKTeX\tex/latex/babel-italian\italian.ldf
Language: italian 2020/05/21 v.1.4.04 Italian support for the babel system
\it@lettering=\count295
\it@doublequoteactive=\count296
\it@ISOcompliance=\count297
)) (C:\Users\T75\AppData\Local\Programs\MiKTeX\tex/latex/etoolbox\etoolbox.sty
Package: etoolbox 2020/10/05 v2.5k e-TeX tools for LaTeX (JAW)
\etb@tempcnta=\count298
)
LaTeX Font Info:    Trying to load font information for T1+Raleway-TLF on input
 line 28.
(C:\Users\T75\AppData\Local\Programs\MiKTeX\tex/latex/raleway\t1raleway-tlf.fd
File: T1Raleway-TLF.fd 2014/07/28 (autoinst) Font definitions for T1/Raleway-TL
F.
)
LaTeX Font Info:    Font shape `T1/Raleway-TLF/m/n' will be
(Font)              scaled to size 9.0pt on input line 28.

(C:\Users\T75\AppData\Local\Programs\MiKTeX\tex/latex/l3backend\l3backend-pdfte
x.def
File: l3backend-pdftex.def 2020-09-24 L3 backend support: PDF output (pdfTeX)
\l__kernel_color_stack_int=\count299
\l__pdf_internal_box=\box84
) (mainIT.aux)
\openout1 = `mainIT.aux'.

LaTeX Font Info:    Checking defaults for OML/cmm/m/it on input line 28.
LaTeX Font Info:    ... okay on input line 28.
LaTeX Font Info:    Checking defaults for OMS/cmsy/m/n on input line 28.
LaTeX Font Info:    ... okay on input line 28.
LaTeX Font Info:    Checking defaults for OT1/cmr/m/n on input line 28.
LaTeX Font Info:    ... okay on input line 28.
LaTeX Font Info:    Checking defaults for T1/cmr/m/n on input line 28.
LaTeX Font Info:    ... okay on input line 28.
LaTeX Font Info:    Checking defaults for TS1/cmr/m/n on input line 28.
LaTeX Font Info:    ... okay on input line 28.
LaTeX Font Info:    Checking defaults for OMX/cmex/m/n on input line 28.
LaTeX Font Info:    ... okay on input line 28.
LaTeX Font Info:    Checking defaults for U/cmr/m/n on input line 28.
LaTeX Font Info:    ... okay on input line 28.
LaTeX Font Info:    Checking defaults for PD1/pdf/m/n on input line 28.
LaTeX Font Info:    ... okay on input line 28.
LaTeX Font Info:    Checking defaults for LY1/ptm/m/n on input line 28.
LaTeX Font Info:    Trying to load font information for LY1+ptm on input line 2
8.

(C:\Users\T75\AppData\Local\Programs\MiKTeX\tex/latex/ly1\ly1ptm.fd
File: ly1ptm.fd 2001/02/01 font definitions for LY1/ptm using Berry names.
)
LaTeX Font Info:    ... okay on input line 28.
Package hyperref Info: Link coloring OFF on input line 28.

(C:\Users\T75\AppData\Local\Programs\MiKTeX\tex/latex/hyperref\nameref.sty
Package: nameref 2019/09/16 v2.46 Cross-referencing by name of section

(C:\Users\T75\AppData\Local\Programs\MiKTeX\tex/latex/refcount\refcount.sty
Package: refcount 2019/12/15 v3.6 Data extraction from label references (HO)
)
(C:\Users\T75\AppData\Local\Programs\MiKTeX\tex/generic/gettitlestring\gettitle
string.sty
Package: gettitlestring 2019/12/15 v1.6 Cleanup title references (HO)
)
\c@section@level=\count300
)
LaTeX Info: Redefining \ref on input line 28.
LaTeX Info: Redefining \pageref on input line 28.
LaTeX Info: Redefining \nameref on input line 28.
 (mainIT.out) (mainIT.out)
\@outlinefile=\write4
\openout4 = `mainIT.out'.


! I can't write on file `mainIT.pdf'.
Please type another file name for output: 
*geometry* driver: auto-detecting
*geometry* detected driver: pdftex
*geometry* verbose mode - [ preamble ] result:
* driver: pdftex
* paper: a4paper
* layout: <same size as paper>
* layoutoffset:(h,v)=(0.0pt,0.0pt)
* modes: 
* h-part:(L,W,R)=(56.9055pt, 483.69687pt, 56.9055pt)
* v-part:(T,H,B)=(49.79231pt, 745.46222pt, 49.79231pt)
* \paperwidth=597.50787pt
* \paperheight=845.04684pt
* \textwidth=483.69687pt
* \textheight=745.46222pt
* \oddsidemargin=-15.36449pt
* \evensidemargin=-15.36449pt
* \topmargin=-58.0436pt
* \headheight=21.33955pt
* \headsep=14.22636pt
* \topskip=9.0pt
* \footskip=28.45274pt
* \marginparwidth=74.0pt
* \marginparsep=10.0pt
* \columnsep=10.0pt
* \skip\footins=8.0pt plus 4.0pt minus 2.0pt
* \hoffset=0.0pt
* \voffset=0.0pt
* \mag=1000
* \@twocolumnfalse
* \@twosidefalse
* \@mparswitchfalse
* \@reversemarginfalse
* (1in=72.27pt=25.4mm, 1cm=28.453pt)


(C:\Users\T75\AppData\Local\Programs\MiKTeX\tex/context/base/mkii\supp-pdf.mkii
[Loading MPS to PDF converter (version 2006.09.02).]
\scratchcounter=\count301
\scratchdimen=\dimen262
\scratchbox=\box85
\nofMPsegments=\count302
\nofMParguments=\count303
\everyMPshowfont=\toks34
\MPscratchCnt=\count304
\MPscratchDim=\dimen263
\MPnumerator=\count305
\makeMPintoPDFobject=\count306
\everyMPtoPDFconversion=\toks35
)
(C:\Users\T75\AppData\Local\Programs\MiKTeX\tex/latex/epstopdf-pkg\epstopdf-bas
e.sty
Package: epstopdf-base 2020-01-24 v2.11 Base part for package epstopdf
Package epstopdf-base Info: Redefining graphics rule for `.eps' on input line 4
85.
)
LaTeX Info: Redefining \it@ocap on input line 28.
LaTeX Info: Redefining \it@ccap on input line 28.
LaTeX Font Info:    Font shape `T1/Raleway-TLF/m/n' will be
(Font)              scaled to size 29.86pt on input line 39.
LaTeX Font Info:    Font shape `T1/Raleway-TLF/b/n' will be
(Font)              scaled to size 29.86pt on input line 39.
LaTeX Font Info:    Font shape `T1/Raleway-TLF/m/n' will be
(Font)              scaled to size 14.4pt on input line 45.
LaTeX Font Info:    Font shape `T1/Raleway-TLF/m/n' will be
(Font)              scaled to size 10.0pt on input line 52.
LaTeX Font Info:    Trying to load font information for U+fontawesometwo on inp
ut line 52.

(C:\Users\T75\AppData\Local\Programs\MiKTeX\tex/latex/fontawesome\ufontawesomet
wo.fd
File: ufontawesometwo.fd 2016/05/22 Font definitions for U/fontawesometwo.
)
LaTeX Font Info:    External font `cmex7' loaded for size
(Font)              <6> on input line 52.
LaTeX Font Info:    External font `cmex7' loaded for size
(Font)              <5> on input line 52.
LaTeX Font Info:    Trying to load font information for U+fontawesomeone on inp
ut line 56.

(C:\Users\T75\AppData\Local\Programs\MiKTeX\tex/latex/fontawesome\ufontawesomeo
ne.fd
File: ufontawesomeone.fd 2016/05/22 Font definitions for U/fontawesomeone.
)
Underfull \hbox (badness 10000) in paragraph at lines 52--59

 []

<Fototessera.jpg, id=8, 524.6802pt x 540.3387pt>
File: Fototessera.jpg Graphic file (type jpg)
<use Fototessera.jpg>
Package pdftex.def Info: Fototessera.jpg  used on input line 64.
(pdftex.def)             Requested size: 96.73788pt x 99.62305pt.
LaTeX Font Info:    Font shape `T1/Raleway-TLF/b/n' will be
(Font)              scaled to size 9.0pt on input line 70.

Underfull \hbox (badness 10000) in paragraph at lines 99--101

 []

LaTeX Font Info:    Font shape `T1/Raleway-TLF/m/n' will be
(Font)              scaled to size 7.0pt on input line 106.
LaTeX Font Info:    Font shape `T1/Raleway-TLF/b/n' will be
(Font)              scaled to size 7.0pt on input line 106.

Underfull \hbox (badness 10000) in paragraph at lines 140--142

 []


Underfull \hbox (badness 10000) in paragraph at lines 193--198
\T1/Raleway-TLF/m/n/9 Pratico at-ti-va-men-te ar-ram-pi-ca-ta
 []


Underfull \hbox (badness 2057) in paragraph at lines 193--198
\T1/Raleway-TLF/m/n/9 spor-ti-va, sci al-pi-no, scial-pi-ni-smo,
 []

[1

{C:/Users/T75/AppData/Local/MiKTeX/pdftex/config/pdftex.map} <./Fototessera.jpg
>]
Underfull \hbox (badness 10000) in paragraph at lines 208--209

 []


Underfull \hbox (badness 10000) in paragraph at lines 213--214

 []

<firma.jpg, id=20, 1284.8pt x 710.655pt>
File: firma.jpg Graphic file (type jpg)
<use firma.jpg>
Package pdftex.def Info: firma.jpg  used on input line 216.
(pdftex.def)             Requested size: 120.92421pt x 66.88399pt.
[2 <./firma.jpg>] (mainIT.aux)
Package rerunfilecheck Info: File `mainIT.out' has not changed.
(rerunfilecheck)             Checksum: D41D8CD98F00B204E9800998ECF8427E;0.
 ) 
Here is how much of TeX's memory you used:
 21792 strings out of 479799
 431720 string characters out of 2870672
 753088 words of memory out of 3000000
 38347 multiletter control sequences out of 15000+200000
 646832 words of font info for 54 fonts, out of 3000000 for 9000
 1141 hyphenation exceptions out of 8191
 122i,8n,124p,448b,684s stack positions out of 5000i,500n,10000p,200000b,50000s
{C:/Users/T75/AppData/Local/Programs/MiKTeX/fonts/enc/dvips/fontawesome/fonta
wesomeone.enc}{C:/Users/T75/AppData/Local/Programs/MiKTeX/fonts/enc/dvips/fonta
wesome/fontawesometwo.enc}{C:/Users/T75/AppData/Local/Programs/MiKTeX/fonts/enc
/dvips/raleway/a_bzmckq.enc}<C:/Users/T75/AppData/Local/Programs/MiKTeX/fonts/t
ype1/public/fontawesome/FontAwesome.pfb><C:/Users/T75/AppData/Local/Programs/Mi
KTeX/fonts/type1/impallari/raleway/Raleway-Bold.pfb><C:/Users/T75/AppData/Local
/Programs/MiKTeX/fonts/type1/impallari/raleway/Raleway-Regular.pfb>
Output written on .pdf (2 pages, 641924 bytes).
PDF statistics:
 41 PDF objects out of 1000 (max. 8388607)
 5 named destinations out of 1000 (max. 500000)
 23 words of extra memory for PDF output out of 10000 (max. 10000000)

